<?xml version="1.0" encoding="UTF-8"?>
<!-- Generated by org.testng.reporters.JUnitReportReporter -->
<testsuite hostname="DESKTOP-572KIE7" failures="0" tests="1" name="com.Qacat.todo.TestCases.LoginTest" time="36.948" errors="0" timestamp="2022-11-05T14:08:34 EET" skipped="0">
  <testcase classname="com.Qacat.todo.TestCases.LoginTest" name="ShouldBeAbleToLoginWithEmailAndPassword" time="36.948"/>
  <system-out/>
</testsuite> <!-- com.Qacat.todo.TestCases.LoginTest -->
