<?xml version="1.0" encoding="UTF-8"?>
<!-- Generated by org.testng.reporters.JUnitReportReporter -->
<testsuite hostname="DESKTOP-572KIE7" failures="0" tests="5" name="com.Qacat.todo.TestCases.TodoTest" time="221.081" errors="0" timestamp="2022-11-05T14:08:34 EET" skipped="0">
  <testcase classname="com.Qacat.todo.TestCases.TodoTest" name="ShouldBeAbleToAddAnewTodo" time="40.689"/>
  <system-out/>
  <testcase classname="com.Qacat.todo.TestCases.TodoTest" name="ShouldBeAbleToDeleteTodo" time="35.574"/>
  <system-out/>
  <testcase classname="com.Qacat.todo.TestCases.TodoTest" name="ShouldBeAbleToCreateAnewTodoFromNewTodoPageUsingApiRequest" time="46.530"/>
  <system-out/>
  <testcase classname="com.Qacat.todo.TestCases.TodoTest" name="ShouldBeAbleToDeleteTaskUsingApiRequest" time="51.270"/>
  <system-out/>
  <testcase classname="com.Qacat.todo.TestCases.TodoTest" name="ShouldBeAbleToAddAnewTodoUsingApiRequest" time="47.018"/>
  <system-out/>
</testsuite> <!-- com.Qacat.todo.TestCases.TodoTest -->
